<?xml version="1.0" encoding="UTF-8"?>
<!-- Generated by org.testng.reporters.JUnitXMLReporter -->
<testsuite hostname="DESKTOP-230DGHF" ignored="0" name="Run on firefox" tests="3" failures="0" timestamp="04 Jul 2021 09:29:16 GMT" time="34.775" errors="0">
  <testcase name="TC_01_Register" time="11.434" classname="com.nopcommerce.user.User_03_Register_Login_Page_Object_Pattern"/>
  <testcase name="TC_02_Login" time="3.68" classname="com.nopcommerce.user.User_03_Register_Login_Page_Object_Pattern"/>
  <testcase name="TC_03_Verify" time="4.022" classname="com.nopcommerce.user.User_03_Register_Login_Page_Object_Pattern"/>
</testsuite> <!-- Run on firefox -->
