<?xml version="1.0" encoding="UTF-8"?>
<testng-results skipped="0" failed="0" ignored="0" total="3" passed="3">
  <reporter-output>
  </reporter-output>
  <suite name="Suite" duration-ms="34775" started-at="2021-07-04T09:28:41Z" finished-at="2021-07-04T09:29:16Z">
    <groups>
    </groups>
    <test name="Run on firefox" duration-ms="34775" started-at="2021-07-04T09:28:41Z" finished-at="2021-07-04T09:29:16Z">
      <class name="com.nopcommerce.user.User_03_Register_Login_Page_Object_Pattern">
        <test-method status="PASS" signature="beforeClass()[pri:0, instance:com.nopcommerce.user.User_03_Register_Login_Page_Object_Pattern@20e2cbe0]" name="beforeClass" is-config="true" duration-ms="14773" started-at="2021-07-04T09:28:41Z" finished-at="2021-07-04T09:28:56Z">
          <reporter-output>
          </reporter-output>
        </test-method> <!-- beforeClass -->
        <test-method status="PASS" signature="TC_01_Register()[pri:0, instance:com.nopcommerce.user.User_03_Register_Login_Page_Object_Pattern@20e2cbe0]" name="TC_01_Register" duration-ms="11434" started-at="2021-07-04T09:28:56Z" finished-at="2021-07-04T09:29:07Z">
          <reporter-output>
          </reporter-output>
        </test-method> <!-- TC_01_Register -->
        <test-method status="PASS" signature="TC_02_Login()[pri:0, instance:com.nopcommerce.user.User_03_Register_Login_Page_Object_Pattern@20e2cbe0]" name="TC_02_Login" duration-ms="3680" started-at="2021-07-04T09:29:07Z" finished-at="2021-07-04T09:29:11Z">
          <reporter-output>
          </reporter-output>
        </test-method> <!-- TC_02_Login -->
        <test-method status="PASS" signature="TC_03_Verify()[pri:0, instance:com.nopcommerce.user.User_03_Register_Login_Page_Object_Pattern@20e2cbe0]" name="TC_03_Verify" duration-ms="4022" started-at="2021-07-04T09:29:11Z" finished-at="2021-07-04T09:29:15Z">
          <reporter-output>
          </reporter-output>
        </test-method> <!-- TC_03_Verify -->
        <test-method status="PASS" signature="afterClass()[pri:0, instance:com.nopcommerce.user.User_03_Register_Login_Page_Object_Pattern@20e2cbe0]" name="afterClass" is-config="true" duration-ms="804" started-at="2021-07-04T09:29:15Z" finished-at="2021-07-04T09:29:16Z">
          <reporter-output>
          </reporter-output>
        </test-method> <!-- afterClass -->
      </class> <!-- com.nopcommerce.user.User_03_Register_Login_Page_Object_Pattern -->
    </test> <!-- Run on firefox -->
  </suite> <!-- Suite -->
</testng-results>
